Determining if the pthread_create exist failed with the following output:
Change Dir: /home/futuhal57/ros/stacks/ardrone_pose_estimation/build/CMakeFiles/CMakeTmp

Run Build Command:/usr/bin/make "cmTryCompileExec2742620004/fast"
make[1]: Entering directory `/home/futuhal57/ros/stacks/ardrone_pose_estimation/build/CMakeFiles/CMakeTmp'
/usr/bin/make -f CMakeFiles/cmTryCompileExec2742620004.dir/build.make CMakeFiles/cmTryCompileExec2742620004.dir/build
make[2]: Entering directory `/home/futuhal57/ros/stacks/ardrone_pose_estimation/build/CMakeFiles/CMakeTmp'
/usr/bin/cmake -E cmake_progress_report /home/futuhal57/ros/stacks/ardrone_pose_estimation/build/CMakeFiles/CMakeTmp/CMakeFiles 1
Building C object CMakeFiles/cmTryCompileExec2742620004.dir/CheckSymbolExists.c.o
/usr/bin/gcc-4.6    -o CMakeFiles/cmTryCompileExec2742620004.dir/CheckSymbolExists.c.o   -c /home/futuhal57/ros/stacks/ardrone_pose_estimation/build/CMakeFiles/CMakeTmp/CheckSymbolExists.c
Linking C executable cmTryCompileExec2742620004
/usr/bin/cmake -E cmake_link_script CMakeFiles/cmTryCompileExec2742620004.dir/link.txt --verbose=1
/usr/bin/gcc-4.6         CMakeFiles/cmTryCompileExec2742620004.dir/CheckSymbolExists.c.o  -o cmTryCompileExec2742620004 -rdynamic 
CMakeFiles/cmTryCompileExec2742620004.dir/CheckSymbolExists.c.o: In function `main':
CheckSymbolExists.c:(.text+0xa): undefined reference to `pthread_create'
collect2: ld returned 1 exit status
make[2]: *** [cmTryCompileExec2742620004] Error 1
make[2]: Leaving directory `/home/futuhal57/ros/stacks/ardrone_pose_estimation/build/CMakeFiles/CMakeTmp'
make[1]: *** [cmTryCompileExec2742620004/fast] Error 2
make[1]: Leaving directory `/home/futuhal57/ros/stacks/ardrone_pose_estimation/build/CMakeFiles/CMakeTmp'

File /home/futuhal57/ros/stacks/ardrone_pose_estimation/build/CMakeFiles/CMakeTmp/CheckSymbolExists.c:
/* */
#include <pthread.h>

int main(int argc, char** argv)
{
  (void)argv;
#ifndef pthread_create
  return ((int*)(&pthread_create))[argc];
#else
  (void)argc;
  return 0;
#endif
}

Determining if the function pthread_create exists in the pthreads failed with the following output:
Change Dir: /home/futuhal57/ros/stacks/ardrone_pose_estimation/build/CMakeFiles/CMakeTmp

Run Build Command:/usr/bin/make "cmTryCompileExec1728553739/fast"
make[1]: Entering directory `/home/futuhal57/ros/stacks/ardrone_pose_estimation/build/CMakeFiles/CMakeTmp'
/usr/bin/make -f CMakeFiles/cmTryCompileExec1728553739.dir/build.make CMakeFiles/cmTryCompileExec1728553739.dir/build
make[2]: Entering directory `/home/futuhal57/ros/stacks/ardrone_pose_estimation/build/CMakeFiles/CMakeTmp'
/usr/bin/cmake -E cmake_progress_report /home/futuhal57/ros/stacks/ardrone_pose_estimation/build/CMakeFiles/CMakeTmp/CMakeFiles 1
Building C object CMakeFiles/cmTryCompileExec1728553739.dir/CheckFunctionExists.c.o
/usr/bin/gcc-4.6   -DCHECK_FUNCTION_EXISTS=pthread_create   -o CMakeFiles/cmTryCompileExec1728553739.dir/CheckFunctionExists.c.o   -c /usr/share/cmake-2.8/Modules/CheckFunctionExists.c
Linking C executable cmTryCompileExec1728553739
/usr/bin/cmake -E cmake_link_script CMakeFiles/cmTryCompileExec1728553739.dir/link.txt --verbose=1
/usr/bin/gcc-4.6     -DCHECK_FUNCTION_EXISTS=pthread_create    CMakeFiles/cmTryCompileExec1728553739.dir/CheckFunctionExists.c.o  -o cmTryCompileExec1728553739 -rdynamic -lpthreads 
/usr/bin/ld: cannot find -lpthreads
collect2: ld returned 1 exit status
make[2]: *** [cmTryCompileExec1728553739] Error 1
make[2]: Leaving directory `/home/futuhal57/ros/stacks/ardrone_pose_estimation/build/CMakeFiles/CMakeTmp'
make[1]: *** [cmTryCompileExec1728553739/fast] Error 2
make[1]: Leaving directory `/home/futuhal57/ros/stacks/ardrone_pose_estimation/build/CMakeFiles/CMakeTmp'


