Determining if the pthread_create exist failed with the following output:
Change Dir: /home/futuhal57/ros/stacks/drone_teleop/build/CMakeFiles/CMakeTmp

Run Build Command:/usr/bin/make "cmTryCompileExec4059095882/fast"
make[1]: Entering directory `/home/futuhal57/ros/stacks/drone_teleop/build/CMakeFiles/CMakeTmp'
/usr/bin/make -f CMakeFiles/cmTryCompileExec4059095882.dir/build.make CMakeFiles/cmTryCompileExec4059095882.dir/build
make[2]: Entering directory `/home/futuhal57/ros/stacks/drone_teleop/build/CMakeFiles/CMakeTmp'
/usr/bin/cmake -E cmake_progress_report /home/futuhal57/ros/stacks/drone_teleop/build/CMakeFiles/CMakeTmp/CMakeFiles 1
Building C object CMakeFiles/cmTryCompileExec4059095882.dir/CheckSymbolExists.c.o
/usr/bin/gcc    -o CMakeFiles/cmTryCompileExec4059095882.dir/CheckSymbolExists.c.o   -c /home/futuhal57/ros/stacks/drone_teleop/build/CMakeFiles/CMakeTmp/CheckSymbolExists.c
Linking C executable cmTryCompileExec4059095882
/usr/bin/cmake -E cmake_link_script CMakeFiles/cmTryCompileExec4059095882.dir/link.txt --verbose=1
/usr/bin/gcc         CMakeFiles/cmTryCompileExec4059095882.dir/CheckSymbolExists.c.o  -o cmTryCompileExec4059095882 -rdynamic 
CMakeFiles/cmTryCompileExec4059095882.dir/CheckSymbolExists.c.o: In function `main':
CheckSymbolExists.c:(.text+0xa): undefined reference to `pthread_create'
collect2: error: ld returned 1 exit status
make[2]: *** [cmTryCompileExec4059095882] Error 1
make[2]: Leaving directory `/home/futuhal57/ros/stacks/drone_teleop/build/CMakeFiles/CMakeTmp'
make[1]: Leaving directory `/home/futuhal57/ros/stacks/drone_teleop/build/CMakeFiles/CMakeTmp'
make[1]: *** [cmTryCompileExec4059095882/fast] Error 2

File /home/futuhal57/ros/stacks/drone_teleop/build/CMakeFiles/CMakeTmp/CheckSymbolExists.c:
/* */
#include <pthread.h>

int main(int argc, char** argv)
{
  (void)argv;
#ifndef pthread_create
  return ((int*)(&pthread_create))[argc];
#else
  (void)argc;
  return 0;
#endif
}

Determining if the function pthread_create exists in the pthreads failed with the following output:
Change Dir: /home/futuhal57/ros/stacks/drone_teleop/build/CMakeFiles/CMakeTmp

Run Build Command:/usr/bin/make "cmTryCompileExec1539198982/fast"
make[1]: Entering directory `/home/futuhal57/ros/stacks/drone_teleop/build/CMakeFiles/CMakeTmp'
/usr/bin/make -f CMakeFiles/cmTryCompileExec1539198982.dir/build.make CMakeFiles/cmTryCompileExec1539198982.dir/build
make[2]: Entering directory `/home/futuhal57/ros/stacks/drone_teleop/build/CMakeFiles/CMakeTmp'
/usr/bin/cmake -E cmake_progress_report /home/futuhal57/ros/stacks/drone_teleop/build/CMakeFiles/CMakeTmp/CMakeFiles 1
Building C object CMakeFiles/cmTryCompileExec1539198982.dir/CheckFunctionExists.c.o
/usr/bin/gcc   -DCHECK_FUNCTION_EXISTS=pthread_create   -o CMakeFiles/cmTryCompileExec1539198982.dir/CheckFunctionExists.c.o   -c /usr/share/cmake-2.8/Modules/CheckFunctionExists.c
Linking C executable cmTryCompileExec1539198982
/usr/bin/cmake -E cmake_link_script CMakeFiles/cmTryCompileExec1539198982.dir/link.txt --verbose=1
/usr/bin/gcc     -DCHECK_FUNCTION_EXISTS=pthread_create    CMakeFiles/cmTryCompileExec1539198982.dir/CheckFunctionExists.c.o  -o cmTryCompileExec1539198982 -rdynamic -lpthreads 
/usr/bin/ld: cannot find -lpthreads
collect2: error: ld returned 1 exit status
make[2]: *** [cmTryCompileExec1539198982] Error 1
make[2]: Leaving directory `/home/futuhal57/ros/stacks/drone_teleop/build/CMakeFiles/CMakeTmp'
make[1]: *** [cmTryCompileExec1539198982/fast] Error 2
make[1]: Leaving directory `/home/futuhal57/ros/stacks/drone_teleop/build/CMakeFiles/CMakeTmp'


