Determining if the pthread_create exist failed with the following output:
Change Dir: /home/futuhal57/ros/stacks/ar_recog/CMakeFiles/CMakeTmp

Run Build Command:/usr/bin/make "cmTryCompileExec2473279060/fast"
/usr/bin/make -f CMakeFiles/cmTryCompileExec2473279060.dir/build.make CMakeFiles/cmTryCompileExec2473279060.dir/build
make[1]: Entering directory `/home/futuhal57/ros/stacks/ar_recog/CMakeFiles/CMakeTmp'
/usr/bin/cmake -E cmake_progress_report /home/futuhal57/ros/stacks/ar_recog/CMakeFiles/CMakeTmp/CMakeFiles 1
Building C object CMakeFiles/cmTryCompileExec2473279060.dir/CheckSymbolExists.c.o
/usr/bin/gcc    -o CMakeFiles/cmTryCompileExec2473279060.dir/CheckSymbolExists.c.o   -c /home/futuhal57/ros/stacks/ar_recog/CMakeFiles/CMakeTmp/CheckSymbolExists.c
Linking C executable cmTryCompileExec2473279060
/usr/bin/cmake -E cmake_link_script CMakeFiles/cmTryCompileExec2473279060.dir/link.txt --verbose=1
/usr/bin/gcc         CMakeFiles/cmTryCompileExec2473279060.dir/CheckSymbolExists.c.o  -o cmTryCompileExec2473279060 -rdynamic 
CMakeFiles/cmTryCompileExec2473279060.dir/CheckSymbolExists.c.o: In function `main':
CheckSymbolExists.c:(.text+0xa): undefined reference to `pthread_create'
collect2: error: ld returned 1 exit status
make[1]: *** [cmTryCompileExec2473279060] Error 1
make[1]: Leaving directory `/home/futuhal57/ros/stacks/ar_recog/CMakeFiles/CMakeTmp'
make: *** [cmTryCompileExec2473279060/fast] Error 2

File /home/futuhal57/ros/stacks/ar_recog/CMakeFiles/CMakeTmp/CheckSymbolExists.c:
/* */
#include <pthread.h>

int main(int argc, char** argv)
{
  (void)argv;
#ifndef pthread_create
  return ((int*)(&pthread_create))[argc];
#else
  (void)argc;
  return 0;
#endif
}

Determining if the function pthread_create exists in the pthreads failed with the following output:
Change Dir: /home/futuhal57/ros/stacks/ar_recog/CMakeFiles/CMakeTmp

Run Build Command:/usr/bin/make "cmTryCompileExec724574522/fast"
/usr/bin/make -f CMakeFiles/cmTryCompileExec724574522.dir/build.make CMakeFiles/cmTryCompileExec724574522.dir/build
make[1]: Entering directory `/home/futuhal57/ros/stacks/ar_recog/CMakeFiles/CMakeTmp'
/usr/bin/cmake -E cmake_progress_report /home/futuhal57/ros/stacks/ar_recog/CMakeFiles/CMakeTmp/CMakeFiles 1
Building C object CMakeFiles/cmTryCompileExec724574522.dir/CheckFunctionExists.c.o
/usr/bin/gcc   -DCHECK_FUNCTION_EXISTS=pthread_create   -o CMakeFiles/cmTryCompileExec724574522.dir/CheckFunctionExists.c.o   -c /usr/share/cmake-2.8/Modules/CheckFunctionExists.c
Linking C executable cmTryCompileExec724574522
/usr/bin/cmake -E cmake_link_script CMakeFiles/cmTryCompileExec724574522.dir/link.txt --verbose=1
/usr/bin/gcc     -DCHECK_FUNCTION_EXISTS=pthread_create    CMakeFiles/cmTryCompileExec724574522.dir/CheckFunctionExists.c.o  -o cmTryCompileExec724574522 -rdynamic -lpthreads 
/usr/bin/ld: cannot find -lpthreads
collect2: error: ld returned 1 exit status
make[1]: *** [cmTryCompileExec724574522] Error 1
make[1]: Leaving directory `/home/futuhal57/ros/stacks/ar_recog/CMakeFiles/CMakeTmp'
make: *** [cmTryCompileExec724574522/fast] Error 2


