Determining if the pthread_create exist failed with the following output:
Change Dir: /home/futuhal57/ros/stacks/eagle_strike/build/CMakeFiles/CMakeTmp

Run Build Command:/usr/bin/make "cmTryCompileExec2875908709/fast"
make[1]: Entering directory `/home/futuhal57/ros/stacks/eagle_strike/build/CMakeFiles/CMakeTmp'
/usr/bin/make -f CMakeFiles/cmTryCompileExec2875908709.dir/build.make CMakeFiles/cmTryCompileExec2875908709.dir/build
make[2]: Entering directory `/home/futuhal57/ros/stacks/eagle_strike/build/CMakeFiles/CMakeTmp'
/usr/bin/cmake -E cmake_progress_report /home/futuhal57/ros/stacks/eagle_strike/build/CMakeFiles/CMakeTmp/CMakeFiles 1
Building C object CMakeFiles/cmTryCompileExec2875908709.dir/CheckSymbolExists.c.o
/usr/bin/gcc-4.7    -o CMakeFiles/cmTryCompileExec2875908709.dir/CheckSymbolExists.c.o   -c /home/futuhal57/ros/stacks/eagle_strike/build/CMakeFiles/CMakeTmp/CheckSymbolExists.c
Linking C executable cmTryCompileExec2875908709
/usr/bin/cmake -E cmake_link_script CMakeFiles/cmTryCompileExec2875908709.dir/link.txt --verbose=1
/usr/bin/gcc-4.7         CMakeFiles/cmTryCompileExec2875908709.dir/CheckSymbolExists.c.o  -o cmTryCompileExec2875908709 -rdynamic 
CMakeFiles/cmTryCompileExec2875908709.dir/CheckSymbolExists.c.o: In function `main':
CheckSymbolExists.c:(.text+0xa): undefined reference to `pthread_create'
collect2: error: ld returned 1 exit status
make[2]: *** [cmTryCompileExec2875908709] Error 1
make[2]: Leaving directory `/home/futuhal57/ros/stacks/eagle_strike/build/CMakeFiles/CMakeTmp'
make[1]: *** [cmTryCompileExec2875908709/fast] Error 2
make[1]: Leaving directory `/home/futuhal57/ros/stacks/eagle_strike/build/CMakeFiles/CMakeTmp'

File /home/futuhal57/ros/stacks/eagle_strike/build/CMakeFiles/CMakeTmp/CheckSymbolExists.c:
/* */
#include <pthread.h>

int main(int argc, char** argv)
{
  (void)argv;
#ifndef pthread_create
  return ((int*)(&pthread_create))[argc];
#else
  (void)argc;
  return 0;
#endif
}

Determining if the function pthread_create exists in the pthreads failed with the following output:
Change Dir: /home/futuhal57/ros/stacks/eagle_strike/build/CMakeFiles/CMakeTmp

Run Build Command:/usr/bin/make "cmTryCompileExec4280512103/fast"
make[1]: Entering directory `/home/futuhal57/ros/stacks/eagle_strike/build/CMakeFiles/CMakeTmp'
/usr/bin/make -f CMakeFiles/cmTryCompileExec4280512103.dir/build.make CMakeFiles/cmTryCompileExec4280512103.dir/build
make[2]: Entering directory `/home/futuhal57/ros/stacks/eagle_strike/build/CMakeFiles/CMakeTmp'
/usr/bin/cmake -E cmake_progress_report /home/futuhal57/ros/stacks/eagle_strike/build/CMakeFiles/CMakeTmp/CMakeFiles 1
Building C object CMakeFiles/cmTryCompileExec4280512103.dir/CheckFunctionExists.c.o
/usr/bin/gcc-4.7   -DCHECK_FUNCTION_EXISTS=pthread_create   -o CMakeFiles/cmTryCompileExec4280512103.dir/CheckFunctionExists.c.o   -c /usr/share/cmake-2.8/Modules/CheckFunctionExists.c
Linking C executable cmTryCompileExec4280512103
/usr/bin/cmake -E cmake_link_script CMakeFiles/cmTryCompileExec4280512103.dir/link.txt --verbose=1
/usr/bin/gcc-4.7     -DCHECK_FUNCTION_EXISTS=pthread_create    CMakeFiles/cmTryCompileExec4280512103.dir/CheckFunctionExists.c.o  -o cmTryCompileExec4280512103 -rdynamic -lpthreads 
/usr/bin/ld: cannot find -lpthreads
collect2: error: ld returned 1 exit status
make[2]: *** [cmTryCompileExec4280512103] Error 1
make[2]: Leaving directory `/home/futuhal57/ros/stacks/eagle_strike/build/CMakeFiles/CMakeTmp'
make[1]: *** [cmTryCompileExec4280512103/fast] Error 2
make[1]: Leaving directory `/home/futuhal57/ros/stacks/eagle_strike/build/CMakeFiles/CMakeTmp'


