Determining if the pthread_create exist failed with the following output:
Change Dir: /home/futuhal57/ros/stacks/hector_common/message_to_tf/build/CMakeFiles/CMakeTmp

Run Build Command:/usr/bin/make "cmTryCompileExec948588569/fast"
make[1]: Entering directory `/home/futuhal57/ros/stacks/hector_common/message_to_tf/build/CMakeFiles/CMakeTmp'
/usr/bin/make -f CMakeFiles/cmTryCompileExec948588569.dir/build.make CMakeFiles/cmTryCompileExec948588569.dir/build
make[2]: Entering directory `/home/futuhal57/ros/stacks/hector_common/message_to_tf/build/CMakeFiles/CMakeTmp'
/usr/bin/cmake -E cmake_progress_report /home/futuhal57/ros/stacks/hector_common/message_to_tf/build/CMakeFiles/CMakeTmp/CMakeFiles 1
Building C object CMakeFiles/cmTryCompileExec948588569.dir/CheckSymbolExists.c.o
/usr/bin/gcc-4.6    -o CMakeFiles/cmTryCompileExec948588569.dir/CheckSymbolExists.c.o   -c /home/futuhal57/ros/stacks/hector_common/message_to_tf/build/CMakeFiles/CMakeTmp/CheckSymbolExists.c
Linking C executable cmTryCompileExec948588569
/usr/bin/cmake -E cmake_link_script CMakeFiles/cmTryCompileExec948588569.dir/link.txt --verbose=1
/usr/bin/gcc-4.6         CMakeFiles/cmTryCompileExec948588569.dir/CheckSymbolExists.c.o  -o cmTryCompileExec948588569 -rdynamic 
CMakeFiles/cmTryCompileExec948588569.dir/CheckSymbolExists.c.o: In function `main':
CheckSymbolExists.c:(.text+0xa): undefined reference to `pthread_create'
collect2: ld returned 1 exit status
make[2]: Leaving directory `/home/futuhal57/ros/stacks/hector_common/message_to_tf/build/CMakeFiles/CMakeTmp'
make[2]: *** [cmTryCompileExec948588569] Error 1
make[1]: Leaving directory `/home/futuhal57/ros/stacks/hector_common/message_to_tf/build/CMakeFiles/CMakeTmp'
make[1]: *** [cmTryCompileExec948588569/fast] Error 2

File /home/futuhal57/ros/stacks/hector_common/message_to_tf/build/CMakeFiles/CMakeTmp/CheckSymbolExists.c:
/* */
#include <pthread.h>

int main(int argc, char** argv)
{
  (void)argv;
#ifndef pthread_create
  return ((int*)(&pthread_create))[argc];
#else
  (void)argc;
  return 0;
#endif
}

Determining if the function pthread_create exists in the pthreads failed with the following output:
Change Dir: /home/futuhal57/ros/stacks/hector_common/message_to_tf/build/CMakeFiles/CMakeTmp

Run Build Command:/usr/bin/make "cmTryCompileExec1896830347/fast"
make[1]: Entering directory `/home/futuhal57/ros/stacks/hector_common/message_to_tf/build/CMakeFiles/CMakeTmp'
/usr/bin/make -f CMakeFiles/cmTryCompileExec1896830347.dir/build.make CMakeFiles/cmTryCompileExec1896830347.dir/build
make[2]: Entering directory `/home/futuhal57/ros/stacks/hector_common/message_to_tf/build/CMakeFiles/CMakeTmp'
/usr/bin/cmake -E cmake_progress_report /home/futuhal57/ros/stacks/hector_common/message_to_tf/build/CMakeFiles/CMakeTmp/CMakeFiles 1
Building C object CMakeFiles/cmTryCompileExec1896830347.dir/CheckFunctionExists.c.o
/usr/bin/gcc-4.6   -DCHECK_FUNCTION_EXISTS=pthread_create   -o CMakeFiles/cmTryCompileExec1896830347.dir/CheckFunctionExists.c.o   -c /usr/share/cmake-2.8/Modules/CheckFunctionExists.c
Linking C executable cmTryCompileExec1896830347
/usr/bin/cmake -E cmake_link_script CMakeFiles/cmTryCompileExec1896830347.dir/link.txt --verbose=1
/usr/bin/gcc-4.6     -DCHECK_FUNCTION_EXISTS=pthread_create    CMakeFiles/cmTryCompileExec1896830347.dir/CheckFunctionExists.c.o  -o cmTryCompileExec1896830347 -rdynamic -lpthreads 
/usr/bin/ld: cannot find -lpthreads
collect2: ld returned 1 exit status
make[2]: Leaving directory `/home/futuhal57/ros/stacks/hector_common/message_to_tf/build/CMakeFiles/CMakeTmp'
make[2]: *** [cmTryCompileExec1896830347] Error 1
make[1]: Leaving directory `/home/futuhal57/ros/stacks/hector_common/message_to_tf/build/CMakeFiles/CMakeTmp'
make[1]: *** [cmTryCompileExec1896830347/fast] Error 2


