Determining if the pthread_create exist failed with the following output:
Change Dir: /home/futuhal57/ros/stacks/test/build/CMakeFiles/CMakeTmp

Run Build Command:/usr/bin/make "cmTryCompileExec1905777964/fast"
make[1]: Entering directory `/home/futuhal57/ros/stacks/test/build/CMakeFiles/CMakeTmp'
/usr/bin/make -f CMakeFiles/cmTryCompileExec1905777964.dir/build.make CMakeFiles/cmTryCompileExec1905777964.dir/build
make[2]: Entering directory `/home/futuhal57/ros/stacks/test/build/CMakeFiles/CMakeTmp'
/usr/bin/cmake -E cmake_progress_report /home/futuhal57/ros/stacks/test/build/CMakeFiles/CMakeTmp/CMakeFiles 1
Building C object CMakeFiles/cmTryCompileExec1905777964.dir/CheckSymbolExists.c.o
/usr/bin/gcc    -o CMakeFiles/cmTryCompileExec1905777964.dir/CheckSymbolExists.c.o   -c /home/futuhal57/ros/stacks/test/build/CMakeFiles/CMakeTmp/CheckSymbolExists.c
Linking C executable cmTryCompileExec1905777964
/usr/bin/cmake -E cmake_link_script CMakeFiles/cmTryCompileExec1905777964.dir/link.txt --verbose=1
/usr/bin/gcc         CMakeFiles/cmTryCompileExec1905777964.dir/CheckSymbolExists.c.o  -o cmTryCompileExec1905777964 -rdynamic 
CMakeFiles/cmTryCompileExec1905777964.dir/CheckSymbolExists.c.o: In function `main':
CheckSymbolExists.c:(.text+0xa): undefined reference to `pthread_create'
collect2: error: ld returned 1 exit status
make[2]: *** [cmTryCompileExec1905777964] Error 1
make[2]: Leaving directory `/home/futuhal57/ros/stacks/test/build/CMakeFiles/CMakeTmp'
make[1]: Leaving directory `/home/futuhal57/ros/stacks/test/build/CMakeFiles/CMakeTmp'
make[1]: *** [cmTryCompileExec1905777964/fast] Error 2

File /home/futuhal57/ros/stacks/test/build/CMakeFiles/CMakeTmp/CheckSymbolExists.c:
/* */
#include <pthread.h>

int main(int argc, char** argv)
{
  (void)argv;
#ifndef pthread_create
  return ((int*)(&pthread_create))[argc];
#else
  (void)argc;
  return 0;
#endif
}

Determining if the function pthread_create exists in the pthreads failed with the following output:
Change Dir: /home/futuhal57/ros/stacks/test/build/CMakeFiles/CMakeTmp

Run Build Command:/usr/bin/make "cmTryCompileExec4173219730/fast"
make[1]: Entering directory `/home/futuhal57/ros/stacks/test/build/CMakeFiles/CMakeTmp'
/usr/bin/make -f CMakeFiles/cmTryCompileExec4173219730.dir/build.make CMakeFiles/cmTryCompileExec4173219730.dir/build
make[2]: Entering directory `/home/futuhal57/ros/stacks/test/build/CMakeFiles/CMakeTmp'
/usr/bin/cmake -E cmake_progress_report /home/futuhal57/ros/stacks/test/build/CMakeFiles/CMakeTmp/CMakeFiles 1
Building C object CMakeFiles/cmTryCompileExec4173219730.dir/CheckFunctionExists.c.o
/usr/bin/gcc   -DCHECK_FUNCTION_EXISTS=pthread_create   -o CMakeFiles/cmTryCompileExec4173219730.dir/CheckFunctionExists.c.o   -c /usr/share/cmake-2.8/Modules/CheckFunctionExists.c
Linking C executable cmTryCompileExec4173219730
/usr/bin/cmake -E cmake_link_script CMakeFiles/cmTryCompileExec4173219730.dir/link.txt --verbose=1
/usr/bin/gcc     -DCHECK_FUNCTION_EXISTS=pthread_create    CMakeFiles/cmTryCompileExec4173219730.dir/CheckFunctionExists.c.o  -o cmTryCompileExec4173219730 -rdynamic -lpthreads 
/usr/bin/ld: cannot find -lpthreads
collect2: error: ld returned 1 exit status
make[2]: *** [cmTryCompileExec4173219730] Error 1
make[2]: Leaving directory `/home/futuhal57/ros/stacks/test/build/CMakeFiles/CMakeTmp'
make[1]: Leaving directory `/home/futuhal57/ros/stacks/test/build/CMakeFiles/CMakeTmp'
make[1]: *** [cmTryCompileExec4173219730/fast] Error 2


